<?xml version="1.0" encoding="UTF-8"?>
<!-- Generated by org.testng.reporters.JUnitReportReporter -->
<testsuite skipped="0" hostname="LAPTOP-EP5F0OPV" name="com.ustg.amazon.test.AmazonTest" tests="9" failures="0" timestamp="2020-10-26T11:33:17 IST" time="183.702" errors="0">
  <testcase name="validloginTest" time="21.007" classname="com.ustg.amazon.test.AmazonTest"/>
  <system-out/>
  <testcase name="womensCategoryTest" time="54.754" classname="com.ustg.amazon.test.AmazonTest"/>
  <system-out/>
  <testcase name="womensFashionListTest" time="20.130" classname="com.ustg.amazon.test.AmazonTest"/>
  <system-out/>
  <testcase name="AddToCartPageTest" time="15.950" classname="com.ustg.amazon.test.AmazonTest"/>
  <system-out/>
  <testcase name="ShopCartPageTest" time="9.074" classname="com.ustg.amazon.test.AmazonTest"/>
  <system-out/>
  <testcase name="ElectronicsCategoryTest" time="14.291" classname="com.ustg.amazon.test.AmazonTest"/>
  <system-out/>
  <testcase name="headphoneListTest" time="16.540" classname="com.ustg.amazon.test.AmazonTest"/>
  <system-out/>
  <testcase name="SignOutAndSignIn" time="19.462" classname="com.ustg.amazon.test.AmazonTest"/>
  <system-out/>
  <testcase name="AddToCartPageTest2" time="12.494" classname="com.ustg.amazon.test.AmazonTest"/>
  <system-out/>
</testsuite> <!-- com.ustg.amazon.test.AmazonTest -->
